Using pre-set license
Built from '2020.3/staging' branch; Version is '2020.3.18f1 (a7d1c678663c) revision 10998214'; Using compiler version '192528614'; Build Type 'Release'
OS: 'Windows 10 Pro; OS build 22000.194; Version 2009; 64bit' Language: 'en' Physical Memory: 6074 MB
BatchMode: 1, IsHumanControllingUs: 0, StartBugReporterOnCrash: 0, Is64bit: 1, IsPro: 0

COMMAND LINE ARGUMENTS:
C:\Program Files\Unity\Editor\Unity.exe
-adb2
-batchMode
-noUpm
-name
AssetImportWorker0
-projectPath
D:/OneDrive - Office 365 Original/Kampus/Manuel Setyo/Game Programming/Latihan/FlappyCopter
-logFile
Logs/AssetImportWorker0.log
-srvPort
64506
Successfully changed project path to: D:/OneDrive - Office 365 Original/Kampus/Manuel Setyo/Game Programming/Latihan/FlappyCopter
D:/OneDrive - Office 365 Original/Kampus/Manuel Setyo/Game Programming/Latihan/FlappyCopter
Using Asset Import Pipeline V2.
Refreshing native plugins compatible for Editor in 52.74 ms, found 3 plugins.
Preloading 0 native plugins for Editor in 0.00 ms.
Initialize engine version: 2020.3.18f1 (a7d1c678663c)
[Subsystems] Discovering subsystems at path C:/Program Files/Unity/Editor/Data/Resources/UnitySubsystems
[Subsystems] Discovering subsystems at path D:/OneDrive - Office 365 Original/Kampus/Manuel Setyo/Game Programming/Latihan/FlappyCopter/Assets
GfxDevice: creating device client; threaded=0
Direct3D:
    Version:  Direct3D 11.0 [level 11.1]
    Renderer: AMD Radeon(TM) Vega 8 Graphics (ID=0x15dd)
    Vendor:   
    VRAM:     3037 MB
    Driver:   27.20.1020.1
Initialize mono
Mono path[0] = 'C:/Program Files/Unity/Editor/Data/Managed'
Mono path[1] = 'C:/Program Files/Unity/Editor/Data/MonoBleedingEdge/lib/mono/unityjit'
Mono config path = 'C:/Program Files/Unity/Editor/Data/MonoBleedingEdge/etc'
Using monoOptions --debugger-agent=transport=dt_socket,embedding=1,server=y,suspend=n,address=127.0.0.1:56640
Begin MonoManager ReloadAssembly
Registering precompiled unity dll's ...
Register platform support module: C:/Program Files/Unity/Editor/Data/PlaybackEngines/WebGLSupport/UnityEditor.WebGL.Extensions.dll
Register platform support module: C:/Program Files/Unity/Editor/Data/PlaybackEngines/WindowsStandaloneSupport/UnityEditor.WindowsStandalone.Extensions.dll
Registered in 0.002564 seconds.
Native extension for WindowsStandalone target not found
Native extension for WebGL target not found
Refreshing native plugins compatible for Editor in 51.32 ms, found 3 plugins.
Preloading 0 native plugins for Editor in 0.00 ms.
Mono: successfully reloaded assembly
- Completed reload, in  1.596 seconds
Domain Reload Profiling:
	ReloadAssembly (1596ms)
		BeginReloadAssembly (67ms)
			ExecutionOrderSort (0ms)
			DisableScriptedObjects (0ms)
			BackupInstance (0ms)
			ReleaseScriptingObjects (0ms)
			CreateAndSetChildDomain (1ms)
		EndReloadAssembly (536ms)
			LoadAssemblies (65ms)
			RebuildTransferFunctionScriptingTraits (0ms)
			SetupTypeCache (196ms)
			ReleaseScriptCaches (0ms)
			RebuildScriptCaches (37ms)
			SetupLoadedEditorAssemblies (216ms)
				LogAssemblyErrors (0ms)
				InitializePlatformSupportModulesInManaged (8ms)
				SetLoadedEditorAssemblies (0ms)
				RefreshPlugins (51ms)
				BeforeProcessingInitializeOnLoad (12ms)
				ProcessInitializeOnLoadAttributes (106ms)
				ProcessInitializeOnLoadMethodAttributes (38ms)
				AfterProcessingInitializeOnLoad (0ms)
				EditorAssembliesLoaded (0ms)
			ExecutionOrderSort2 (0ms)
			AwakeInstancesAfterBackupRestoration (0ms)
Platform modules already initialized, skipping
Registering precompiled user dll's ...
Registered in 0.003516 seconds.
Begin MonoManager ReloadAssembly
Native extension for WindowsStandalone target not found
Native extension for WebGL target not found
Refreshing native plugins compatible for Editor in 51.22 ms, found 3 plugins.
Preloading 0 native plugins for Editor in 0.00 ms.
Mono: successfully reloaded assembly
- Completed reload, in  1.500 seconds
Domain Reload Profiling:
	ReloadAssembly (1502ms)
		BeginReloadAssembly (198ms)
			ExecutionOrderSort (0ms)
			DisableScriptedObjects (6ms)
			BackupInstance (0ms)
			ReleaseScriptingObjects (0ms)
			CreateAndSetChildDomain (25ms)
		EndReloadAssembly (1223ms)
			LoadAssemblies (111ms)
			RebuildTransferFunctionScriptingTraits (0ms)
			SetupTypeCache (374ms)
			ReleaseScriptCaches (1ms)
			RebuildScriptCaches (62ms)
			SetupLoadedEditorAssemblies (487ms)
				LogAssemblyErrors (0ms)
				InitializePlatformSupportModulesInManaged (6ms)
				SetLoadedEditorAssemblies (0ms)
				RefreshPlugins (51ms)
				BeforeProcessingInitializeOnLoad (93ms)
				ProcessInitializeOnLoadAttributes (309ms)
				ProcessInitializeOnLoadMethodAttributes (20ms)
				AfterProcessingInitializeOnLoad (7ms)
				EditorAssembliesLoaded (0ms)
			ExecutionOrderSort2 (0ms)
			AwakeInstancesAfterBackupRestoration (10ms)
Platform modules already initialized, skipping
========================================================================
Worker process is ready to serve import requests
Launched and connected shader compiler UnityShaderCompiler.exe after 0.13 seconds
Refreshing native plugins compatible for Editor in 0.48 ms, found 3 plugins.
Preloading 0 native plugins for Editor in 0.00 ms.
Unloading 2090 Unused Serialized files (Serialized files now loaded: 0)
System memory in use before: 93.8 MB.
System memory in use after: 93.9 MB.

Unloading 26 unused Assets to reduce memory usage. Loaded Objects now: 2529.
Total: 4.557100 ms (FindLiveObjects: 0.264100 ms CreateObjectMapping: 0.072400 ms MarkObjects: 4.132000 ms  DeleteObjects: 0.086700 ms)

AssetImportParameters requested are different than current active one (requested -> active):
  custom:framework-win-MediaFoundation: 216162199b28c13a410421893ffa2e32 -> 
  custom:video-decoder-ogg-theora: a1e56fd34408186e4bbccfd4996cb3dc -> 
  custom:container-muxer-webm: aa71ff27fc2769a1b78a27578f13a17b -> 
  custom:container-demuxer-webm: 4f35f7cbe854078d1ac9338744f61a02 -> 
  custom:container-demuxer-ogg: 62fdf1f143b41e24485cea50d1cbac27 -> 
  custom:video-encoder-webm-vp8: eb34c28f22e8b96e1ab97ce403110664 -> 
  custom:video-decoder-webm-vp8: 9c59270c3fd7afecdb556c50c9e8de78 -> 
  custom:audio-decoder-ogg-vorbis: bf7c407c2cedff20999df2af8eb42d56 -> 
  custom:audio-encoder-webm-vorbis: bf7c407c2cedff20999df2af8eb42d56 -> 
========================================================================
Received Import Request.
  path: Assets
  artifactKey: Guid(00000000000000001000000000000000) Importer(815301076,1909f56bfc062723c751e8b465ee728b)
Start importing Assets using Guid(00000000000000001000000000000000) Importer(815301076,1909f56bfc062723c751e8b465ee728b)  -> (artifact id: '42d402b061de3733987d63b9cc3b64de') in 0.044000 seconds 
  Import took 0.067879 seconds .

========================================================================
Received Import Request.
  Time since last request: 1.810018 seconds.
  path: Assets/Images
  artifactKey: Guid(255aeddebe6bf3249a9ea83f395f072a) Importer(815301076,1909f56bfc062723c751e8b465ee728b)
Start importing Assets/Images using Guid(255aeddebe6bf3249a9ea83f395f072a) Importer(815301076,1909f56bfc062723c751e8b465ee728b)  -> (artifact id: '21154cc7beff31faeefcde591ee5fc50') in 0.024205 seconds 
  Import took 0.047031 seconds .

========================================================================
Received Import Request.
  Time since last request: 8.973639 seconds.
  path: Assets/Prefabs
  artifactKey: Guid(1846e0110140cac4cafd1a4041d7d8bb) Importer(815301076,1909f56bfc062723c751e8b465ee728b)
Start importing Assets/Prefabs using Guid(1846e0110140cac4cafd1a4041d7d8bb) Importer(815301076,1909f56bfc062723c751e8b465ee728b)  -> (artifact id: '8dec74503dad993914c36a7e68bb6f27') in 0.018486 seconds 
  Import took 0.036810 seconds .

========================================================================
Received Import Request.
  Time since last request: 17.272113 seconds.
  path: Assets/Script
  artifactKey: Guid(5757d4d570231f74ca3e581aaf2408cf) Importer(815301076,1909f56bfc062723c751e8b465ee728b)
Start importing Assets/Script using Guid(5757d4d570231f74ca3e581aaf2408cf) Importer(815301076,1909f56bfc062723c751e8b465ee728b)  -> (artifact id: 'efa4f86378b2758326581363fd0ac79c') in 0.017858 seconds 
  Import took 0.048357 seconds .

========================================================================
Received Import Request.
  Time since last request: 41.311084 seconds.
  path: Assets/Images/atas.png
  artifactKey: Guid(682f60f4d9950564c8f4772a0bfac2cb) Importer(815301076,1909f56bfc062723c751e8b465ee728b)
Start importing Assets/Images/atas.png using Guid(682f60f4d9950564c8f4772a0bfac2cb) Importer(815301076,1909f56bfc062723c751e8b465ee728b)  -> (artifact id: '62db0740517dc75c7490df92dde3d6c9') in 0.294621 seconds 
  Import took 0.316729 seconds .

========================================================================
Received Import Request.
  Time since last request: 0.000191 seconds.
  path: Assets/Images/bawah.png
  artifactKey: Guid(5db6b095bd3799545bc442d52d35a0a3) Importer(815301076,1909f56bfc062723c751e8b465ee728b)
Start importing Assets/Images/bawah.png using Guid(5db6b095bd3799545bc442d52d35a0a3) Importer(815301076,1909f56bfc062723c751e8b465ee728b)  -> (artifact id: '1ceb6659abe8d09f9c3cce8575fbc085') in 0.039094 seconds 
  Import took 0.044110 seconds .

========================================================================
Received Import Request.
  Time since last request: 0.005431 seconds.
  path: Assets/Images/background.png
  artifactKey: Guid(bca2f7fe75c722b48b0d2d1b67e001ca) Importer(815301076,1909f56bfc062723c751e8b465ee728b)
Start importing Assets/Images/background.png using Guid(bca2f7fe75c722b48b0d2d1b67e001ca) Importer(815301076,1909f56bfc062723c751e8b465ee728b)  -> (artifact id: 'fe1c464e87904bdf19a8f1973e459be0') in 0.028377 seconds 
  Import took 0.032968 seconds .

========================================================================
Received Import Request.
  Time since last request: 0.000193 seconds.
  path: Assets/Images/player.png
  artifactKey: Guid(970bbf95c663f9e4785b1da8fe7c5582) Importer(815301076,1909f56bfc062723c751e8b465ee728b)
Start importing Assets/Images/player.png using Guid(970bbf95c663f9e4785b1da8fe7c5582) Importer(815301076,1909f56bfc062723c751e8b465ee728b)  -> (artifact id: '67db184f713022c0f43ab95d98f5a998') in 0.035813 seconds 
  Import took 0.039523 seconds .

========================================================================
Received Import Request.
  Time since last request: 396.557708 seconds.
  path: Assets/Scenes/Main.unity
  artifactKey: Guid(a676056e9030242429f65a806d4a2d2a) Importer(815301076,1909f56bfc062723c751e8b465ee728b)
Start importing Assets/Scenes/Main.unity using Guid(a676056e9030242429f65a806d4a2d2a) Importer(815301076,1909f56bfc062723c751e8b465ee728b)  -> (artifact id: '6cdee64d501c0a2fce516c0f879209c0') in 0.015081 seconds 
  Import took 0.040175 seconds .

AssetImportWorkerClient::OnTransportError - code=2 error=End of file
